TN:
SF:C:\Users\higor.pimentel\Desktop\Projeto-treino\matriculas-treino\src\polyfills.ts
FNF:0
FNH:0
DA:46,1
DA:74,1
LF:2
LH:2
BRF:0
BRH:0
end_of_record
TN:
SF:C:\Users\higor.pimentel\Desktop\Projeto-treino\matriculas-treino\src\test.ts
FNF:0
FNH:0
DA:3,1
DA:4,1
DA:5,1
DA:13,1
DA:18,1
DA:20,1
LF:6
LH:6
BRF:0
BRH:0
end_of_record
TN:
SF:C:\Users\higor.pimentel\Desktop\Projeto-treino\matriculas-treino\src\app\app.component.ts
FN:10,(anonymous_2)
FN:13,(anonymous_4)
FNF:2
FNH:2
FNDA:3,(anonymous_2)
FNDA:1,(anonymous_4)
DA:1,1
DA:10,1
DA:11,2
DA:13,1
DA:14,1
DA:16,1
LF:6
LH:6
BRF:0
BRH:0
end_of_record
TN:
SF:C:\Users\higor.pimentel\Desktop\Projeto-treino\matriculas-treino\src\app\errors\errors.module.ts
FN:9,(anonymous_1)
FNF:1
FNH:1
FNDA:2,(anonymous_1)
DA:1,1
DA:2,1
DA:3,1
DA:9,1
LF:4
LH:4
BRF:0
BRH:0
end_of_record
TN:
SF:C:\Users\higor.pimentel\Desktop\Projeto-treino\matriculas-treino\src\app\errors\not-found\not-found.component.ts
FN:8,(anonymous_3)
FN:9,NotFoundComponent
FN:11,(anonymous_5)
FNF:3
FNH:3
FNDA:1,(anonymous_3)
FNDA:1,NotFoundComponent
FNDA:1,(anonymous_5)
DA:1,1
DA:8,1
DA:11,1
DA:12,1
LF:4
LH:4
BRF:0
BRH:0
end_of_record
TN:
SF:C:\Users\higor.pimentel\Desktop\Projeto-treino\matriculas-treino\src\app\people\form\form.component.ts
FN:9,(anonymous_3)
FN:43,FormComponent
FNF:2
FNH:2
FNDA:1,(anonymous_3)
FNDA:1,FormComponent
DA:1,1
DA:9,1
DA:11,1
DA:13,1
DA:45,1
LF:5
LH:5
BRF:0
BRH:0
end_of_record
TN:
SF:C:\Users\higor.pimentel\Desktop\Projeto-treino\matriculas-treino\src\app\turmas\disciplinas\disciplinas.component.ts
FN:8,(anonymous_3)
FN:9,DisciplinasComponent
FN:11,(anonymous_5)
FNF:3
FNH:3
FNDA:1,(anonymous_3)
FNDA:1,DisciplinasComponent
FNDA:1,(anonymous_5)
DA:1,1
DA:8,1
DA:11,1
DA:12,1
LF:4
LH:4
BRF:0
BRH:0
end_of_record
TN:
SF:C:\Users\higor.pimentel\Desktop\Projeto-treino\matriculas-treino\src\app\turmas\turmas-form\turmas-form.component.ts
FN:12,(anonymous_3)
FN:23,(anonymous_5)
FN:29,(anonymous_6)
FN:45,(anonymous_7)
FNF:4
FNH:4
FNDA:4,(anonymous_3)
FNDA:3,(anonymous_5)
FNDA:3,(anonymous_6)
FNDA:3,(anonymous_7)
DA:1,1
DA:4,1
DA:6,1
DA:12,1
DA:13,3
DA:15,3
DA:23,1
DA:24,3
DA:26,3
DA:29,1
DA:30,3
DA:36,3
DA:45,1
DA:46,3
DA:87,1
LF:15
LH:15
BRF:0
BRH:0
end_of_record
TN:
SF:C:\Users\higor.pimentel\Desktop\Projeto-treino\matriculas-treino\src\environments\environment.ts
FNF:0
FNH:0
DA:5,1
LF:1
LH:1
BRF:0
BRH:0
end_of_record
